C:\Users\arg21\Documents\uvg\semestre8\PARALELA1\P31\x64\Release\\Qt6Core.dll
C:\Users\arg21\Documents\uvg\semestre8\PARALELA1\P31\x64\Release\\Qt6Gui.dll
C:\Users\arg21\Documents\uvg\semestre8\PARALELA1\P31\x64\Release\\Qt6Network.dll
C:\Users\arg21\Documents\uvg\semestre8\PARALELA1\P31\x64\Release\\Qt6Svg.dll
C:\Users\arg21\Documents\uvg\semestre8\PARALELA1\P31\x64\Release\\Qt6Widgets.dll
C:\Users\arg21\Documents\uvg\semestre8\PARALELA1\P31\x64\Release\\opengl32sw.dll
C:\Users\arg21\Documents\uvg\semestre8\PARALELA1\P31\x64\Release\\D3Dcompiler_47.dll
C:\Users\arg21\Documents\uvg\semestre8\PARALELA1\P31\x64\Release\\vc_redist.x64.exe
C:\Users\arg21\Documents\uvg\semestre8\PARALELA1\P31\x64\Release\generic\qtuiotouchplugin.dll
C:\Users\arg21\Documents\uvg\semestre8\PARALELA1\P31\x64\Release\iconengines\qsvgicon.dll
C:\Users\arg21\Documents\uvg\semestre8\PARALELA1\P31\x64\Release\imageformats\qgif.dll
C:\Users\arg21\Documents\uvg\semestre8\PARALELA1\P31\x64\Release\imageformats\qico.dll
C:\Users\arg21\Documents\uvg\semestre8\PARALELA1\P31\x64\Release\imageformats\qjpeg.dll
C:\Users\arg21\Documents\uvg\semestre8\PARALELA1\P31\x64\Release\imageformats\qsvg.dll
C:\Users\arg21\Documents\uvg\semestre8\PARALELA1\P31\x64\Release\networkinformation\qnetworklistmanager.dll
C:\Users\arg21\Documents\uvg\semestre8\PARALELA1\P31\x64\Release\platforms\qwindows.dll
C:\Users\arg21\Documents\uvg\semestre8\PARALELA1\P31\x64\Release\styles\qmodernwindowsstyle.dll
C:\Users\arg21\Documents\uvg\semestre8\PARALELA1\P31\x64\Release\tls\qcertonlybackend.dll
C:\Users\arg21\Documents\uvg\semestre8\PARALELA1\P31\x64\Release\tls\qopensslbackend.dll
C:\Users\arg21\Documents\uvg\semestre8\PARALELA1\P31\x64\Release\tls\qschannelbackend.dll
C:\Users\arg21\Documents\uvg\semestre8\PARALELA1\P31\x64\Release\translations\qt_ar.qm
C:\Users\arg21\Documents\uvg\semestre8\PARALELA1\P31\x64\Release\translations\qtbase_ar.qm
C:\Users\arg21\Documents\uvg\semestre8\PARALELA1\P31\x64\Release\translations\qt_bg.qm
C:\Users\arg21\Documents\uvg\semestre8\PARALELA1\P31\x64\Release\translations\qtbase_bg.qm
C:\Users\arg21\Documents\uvg\semestre8\PARALELA1\P31\x64\Release\translations\qt_ca.qm
C:\Users\arg21\Documents\uvg\semestre8\PARALELA1\P31\x64\Release\translations\qtbase_ca.qm
C:\Users\arg21\Documents\uvg\semestre8\PARALELA1\P31\x64\Release\translations\qt_cs.qm
C:\Users\arg21\Documents\uvg\semestre8\PARALELA1\P31\x64\Release\translations\qtbase_cs.qm
C:\Users\arg21\Documents\uvg\semestre8\PARALELA1\P31\x64\Release\translations\qt_da.qm
C:\Users\arg21\Documents\uvg\semestre8\PARALELA1\P31\x64\Release\translations\qtbase_da.qm
C:\Users\arg21\Documents\uvg\semestre8\PARALELA1\P31\x64\Release\translations\qt_de.qm
C:\Users\arg21\Documents\uvg\semestre8\PARALELA1\P31\x64\Release\translations\qtbase_de.qm
C:\Users\arg21\Documents\uvg\semestre8\PARALELA1\P31\x64\Release\translations\qt_en.qm
C:\Users\arg21\Documents\uvg\semestre8\PARALELA1\P31\x64\Release\translations\qtbase_en.qm
C:\Users\arg21\Documents\uvg\semestre8\PARALELA1\P31\x64\Release\translations\qt_es.qm
C:\Users\arg21\Documents\uvg\semestre8\PARALELA1\P31\x64\Release\translations\qtbase_es.qm
C:\Users\arg21\Documents\uvg\semestre8\PARALELA1\P31\x64\Release\translations\qt_fa.qm
C:\Users\arg21\Documents\uvg\semestre8\PARALELA1\P31\x64\Release\translations\qtbase_fa.qm
C:\Users\arg21\Documents\uvg\semestre8\PARALELA1\P31\x64\Release\translations\qt_fi.qm
C:\Users\arg21\Documents\uvg\semestre8\PARALELA1\P31\x64\Release\translations\qtbase_fi.qm
C:\Users\arg21\Documents\uvg\semestre8\PARALELA1\P31\x64\Release\translations\qt_fr.qm
C:\Users\arg21\Documents\uvg\semestre8\PARALELA1\P31\x64\Release\translations\qtbase_fr.qm
C:\Users\arg21\Documents\uvg\semestre8\PARALELA1\P31\x64\Release\translations\qt_gd.qm
C:\Users\arg21\Documents\uvg\semestre8\PARALELA1\P31\x64\Release\translations\qtbase_gd.qm
C:\Users\arg21\Documents\uvg\semestre8\PARALELA1\P31\x64\Release\translations\qt_he.qm
C:\Users\arg21\Documents\uvg\semestre8\PARALELA1\P31\x64\Release\translations\qtbase_he.qm
C:\Users\arg21\Documents\uvg\semestre8\PARALELA1\P31\x64\Release\translations\qt_hr.qm
C:\Users\arg21\Documents\uvg\semestre8\PARALELA1\P31\x64\Release\translations\qtbase_hr.qm
C:\Users\arg21\Documents\uvg\semestre8\PARALELA1\P31\x64\Release\translations\qt_hu.qm
C:\Users\arg21\Documents\uvg\semestre8\PARALELA1\P31\x64\Release\translations\qtbase_hu.qm
C:\Users\arg21\Documents\uvg\semestre8\PARALELA1\P31\x64\Release\translations\qt_it.qm
C:\Users\arg21\Documents\uvg\semestre8\PARALELA1\P31\x64\Release\translations\qtbase_it.qm
C:\Users\arg21\Documents\uvg\semestre8\PARALELA1\P31\x64\Release\translations\qt_ja.qm
C:\Users\arg21\Documents\uvg\semestre8\PARALELA1\P31\x64\Release\translations\qtbase_ja.qm
C:\Users\arg21\Documents\uvg\semestre8\PARALELA1\P31\x64\Release\translations\qt_ka.qm
C:\Users\arg21\Documents\uvg\semestre8\PARALELA1\P31\x64\Release\translations\qtbase_ka.qm
C:\Users\arg21\Documents\uvg\semestre8\PARALELA1\P31\x64\Release\translations\qt_ko.qm
C:\Users\arg21\Documents\uvg\semestre8\PARALELA1\P31\x64\Release\translations\qtbase_ko.qm
C:\Users\arg21\Documents\uvg\semestre8\PARALELA1\P31\x64\Release\translations\qt_lv.qm
C:\Users\arg21\Documents\uvg\semestre8\PARALELA1\P31\x64\Release\translations\qtbase_lv.qm
C:\Users\arg21\Documents\uvg\semestre8\PARALELA1\P31\x64\Release\translations\qt_nl.qm
C:\Users\arg21\Documents\uvg\semestre8\PARALELA1\P31\x64\Release\translations\qtbase_nl.qm
C:\Users\arg21\Documents\uvg\semestre8\PARALELA1\P31\x64\Release\translations\qt_nn.qm
C:\Users\arg21\Documents\uvg\semestre8\PARALELA1\P31\x64\Release\translations\qtbase_nn.qm
C:\Users\arg21\Documents\uvg\semestre8\PARALELA1\P31\x64\Release\translations\qt_pl.qm
C:\Users\arg21\Documents\uvg\semestre8\PARALELA1\P31\x64\Release\translations\qtbase_pl.qm
C:\Users\arg21\Documents\uvg\semestre8\PARALELA1\P31\x64\Release\translations\qt_pt_BR.qm
C:\Users\arg21\Documents\uvg\semestre8\PARALELA1\P31\x64\Release\translations\qtbase_pt_BR.qm
C:\Users\arg21\Documents\uvg\semestre8\PARALELA1\P31\x64\Release\translations\qt_ru.qm
C:\Users\arg21\Documents\uvg\semestre8\PARALELA1\P31\x64\Release\translations\qtbase_ru.qm
C:\Users\arg21\Documents\uvg\semestre8\PARALELA1\P31\x64\Release\translations\qt_sk.qm
C:\Users\arg21\Documents\uvg\semestre8\PARALELA1\P31\x64\Release\translations\qtbase_sk.qm
C:\Users\arg21\Documents\uvg\semestre8\PARALELA1\P31\x64\Release\translations\qt_tr.qm
C:\Users\arg21\Documents\uvg\semestre8\PARALELA1\P31\x64\Release\translations\qtbase_tr.qm
C:\Users\arg21\Documents\uvg\semestre8\PARALELA1\P31\x64\Release\translations\qt_uk.qm
C:\Users\arg21\Documents\uvg\semestre8\PARALELA1\P31\x64\Release\translations\qtbase_uk.qm
C:\Users\arg21\Documents\uvg\semestre8\PARALELA1\P31\x64\Release\translations\qt_zh_CN.qm
C:\Users\arg21\Documents\uvg\semestre8\PARALELA1\P31\x64\Release\translations\qtbase_zh_CN.qm
C:\Users\arg21\Documents\uvg\semestre8\PARALELA1\P31\x64\Release\translations\qt_zh_TW.qm
C:\Users\arg21\Documents\uvg\semestre8\PARALELA1\P31\x64\Release\translations\qtbase_zh_TW.qm
